<?xml version="1.0" encoding="UTF-8"?>
<testsuite xmlns:xsi="http://www.w3.org/2001/XMLSchema-instance" xsi:noNamespaceSchemaLocation="https://maven.apache.org/surefire/maven-surefire-plugin/xsd/surefire-test-report.xsd" name="com.example.PluginTest" time="0.097" tests="1" errors="0" skipped="0" failures="0">
  <properties>
    <property name="java.specification.version" value="23"/>
    <property name="sun.cpu.isalist" value="amd64"/>
    <property name="sun.jnu.encoding" value="MS950"/>
    <property name="java.class.path" value="c:\OneDreive\OneDrive - National ChengChi University\JAVA\my_first_plugin\target\test-classes;c:\OneDreive\OneDrive - National ChengChi University\JAVA\my_first_plugin\target\classes;C:\Users\bses1\.m2\repository\junit\junit\4.11\junit-4.11.jar;C:\Users\bses1\.m2\repository\org\hamcrest\hamcrest-core\1.3\hamcrest-core-1.3.jar;C:\Users\bses1\.m2\repository\org\spigotmc\spigot-api\1.15.1-R0.1-SNAPSHOT\spigot-api-1.15.1-R0.1-SNAPSHOT.jar;C:\Users\bses1\.m2\repository\commons-lang\commons-lang\2.6\commons-lang-2.6.jar;C:\Users\bses1\.m2\repository\com\google\guava\guava\21.0\guava-21.0.jar;C:\Users\bses1\.m2\repository\com\google\code\gson\gson\2.8.0\gson-2.8.0.jar;C:\Users\bses1\.m2\repository\net\md-5\bungeecord-chat\1.13-SNAPSHOT\bungeecord-chat-1.13-SNAPSHOT.jar;C:\Users\bses1\.m2\repository\org\yaml\snakeyaml\1.25\snakeyaml-1.25.jar;C:\Users\bses1\.m2\repository\io\papermc\paper\paper-api\1.21.4-R0.1-SNAPSHOT\paper-api-1.21.4-R0.1-SNAPSHOT.jar;C:\Users\bses1\.m2\repository\org\joml\joml\1.10.8\joml-1.10.8.jar;C:\Users\bses1\.m2\repository\com\googlecode\json-simple\json-simple\1.1.1\json-simple-1.1.1.jar;C:\Users\bses1\.m2\repository\it\unimi\dsi\fastutil\8.5.15\fastutil-8.5.15.jar;C:\Users\bses1\.m2\repository\org\apache\logging\log4j\log4j-api\2.17.1\log4j-api-2.17.1.jar;C:\Users\bses1\.m2\repository\org\slf4j\slf4j-api\2.0.9\slf4j-api-2.0.9.jar;C:\Users\bses1\.m2\repository\com\mojang\brigadier\1.3.10\brigadier-1.3.10.jar;C:\Users\bses1\.m2\repository\org\apache\maven\maven-resolver-provider\3.9.6\maven-resolver-provider-3.9.6.jar;C:\Users\bses1\.m2\repository\org\apache\maven\maven-model\3.9.6\maven-model-3.9.6.jar;C:\Users\bses1\.m2\repository\org\apache\maven\maven-model-builder\3.9.6\maven-model-builder-3.9.6.jar;C:\Users\bses1\.m2\repository\org\codehaus\plexus\plexus-interpolation\1.26\plexus-interpolation-1.26.jar;C:\Users\bses1\.m2\repository\org\apache\maven\maven-artifact\3.9.6\maven-artifact-3.9.6.jar;C:\Users\bses1\.m2\repository\org\apache\commons\commons-lang3\3.12.0\commons-lang3-3.12.0.jar;C:\Users\bses1\.m2\repository\org\apache\maven\maven-builder-support\3.9.6\maven-builder-support-3.9.6.jar;C:\Users\bses1\.m2\repository\org\eclipse\sisu\org.eclipse.sisu.inject\0.9.0.M2\org.eclipse.sisu.inject-0.9.0.M2.jar;C:\Users\bses1\.m2\repository\org\apache\maven\maven-repository-metadata\3.9.6\maven-repository-metadata-3.9.6.jar;C:\Users\bses1\.m2\repository\org\apache\maven\resolver\maven-resolver-api\1.9.18\maven-resolver-api-1.9.18.jar;C:\Users\bses1\.m2\repository\org\apache\maven\resolver\maven-resolver-spi\1.9.18\maven-resolver-spi-1.9.18.jar;C:\Users\bses1\.m2\repository\org\apache\maven\resolver\maven-resolver-util\1.9.18\maven-resolver-util-1.9.18.jar;C:\Users\bses1\.m2\repository\org\apache\maven\resolver\maven-resolver-impl\1.9.18\maven-resolver-impl-1.9.18.jar;C:\Users\bses1\.m2\repository\org\apache\maven\resolver\maven-resolver-named-locks\1.9.18\maven-resolver-named-locks-1.9.18.jar;C:\Users\bses1\.m2\repository\org\codehaus\plexus\plexus-utils\3.5.1\plexus-utils-3.5.1.jar;C:\Users\bses1\.m2\repository\javax\inject\javax.inject\1\javax.inject-1.jar;C:\Users\bses1\.m2\repository\org\jspecify\jspecify\1.0.0\jspecify-1.0.0.jar;C:\Users\bses1\.m2\repository\net\kyori\adventure-api\4.18.0\adventure-api-4.18.0.jar;C:\Users\bses1\.m2\repository\net\kyori\adventure-key\4.18.0\adventure-key-4.18.0.jar;C:\Users\bses1\.m2\repository\net\kyori\examination-api\1.3.0\examination-api-1.3.0.jar;C:\Users\bses1\.m2\repository\net\kyori\examination-string\1.3.0\examination-string-1.3.0.jar;C:\Users\bses1\.m2\repository\org\jetbrains\annotations\26.0.1\annotations-26.0.1.jar;C:\Users\bses1\.m2\repository\net\kyori\adventure-text-minimessage\4.18.0\adventure-text-minimessage-4.18.0.jar;C:\Users\bses1\.m2\repository\net\kyori\adventure-text-serializer-gson\4.18.0\adventure-text-serializer-gson-4.18.0.jar;C:\Users\bses1\.m2\repository\net\kyori\adventure-text-serializer-json\4.18.0\adventure-text-serializer-json-4.18.0.jar;C:\Users\bses1\.m2\repository\net\kyori\option\1.0.0\option-1.0.0.jar;C:\Users\bses1\.m2\repository\com\google\auto\service\auto-service-annotations\1.1.1\auto-service-annotations-1.1.1.jar;C:\Users\bses1\.m2\repository\net\kyori\adventure-text-serializer-legacy\4.18.0\adventure-text-serializer-legacy-4.18.0.jar;C:\Users\bses1\.m2\repository\net\kyori\adventure-text-serializer-plain\4.18.0\adventure-text-serializer-plain-4.18.0.jar;C:\Users\bses1\.m2\repository\net\kyori\adventure-text-logger-slf4j\4.18.0\adventure-text-logger-slf4j-4.18.0.jar;C:\Users\bses1\.m2\repository\org\checkerframework\checker-qual\3.33.0\checker-qual-3.33.0.jar;"/>
    <property name="java.vm.vendor" value="Oracle Corporation"/>
    <property name="sun.arch.data.model" value="64"/>
    <property name="user.variant" value=""/>
    <property name="java.vendor.url" value="https://java.oracle.com/"/>
    <property name="user.timezone" value="Asia/Taipei"/>
    <property name="os.name" value="Windows 11"/>
    <property name="java.vm.specification.version" value="23"/>
    <property name="sun.java.launcher" value="SUN_STANDARD"/>
    <property name="user.country" value="TW"/>
    <property name="sun.boot.library.path" value="C:\Program Files\Java\jdk-23\bin"/>
    <property name="sun.java.command" value="C:\Users\bses1\AppData\Local\Temp\surefire9726251922404448116\surefirebooter11209908077459951142.jar C:\Users\bses1\AppData\Local\Temp\surefire9726251922404448116 2025-03-29T00-12-31_912-jvmRun1 surefire6597655339662467233tmp surefire_014015193668074320610tmp"/>
    <property name="jdk.debug" value="release"/>
    <property name="surefire.test.class.path" value="c:\OneDreive\OneDrive - National ChengChi University\JAVA\my_first_plugin\target\test-classes;c:\OneDreive\OneDrive - National ChengChi University\JAVA\my_first_plugin\target\classes;C:\Users\bses1\.m2\repository\junit\junit\4.11\junit-4.11.jar;C:\Users\bses1\.m2\repository\org\hamcrest\hamcrest-core\1.3\hamcrest-core-1.3.jar;C:\Users\bses1\.m2\repository\org\spigotmc\spigot-api\1.15.1-R0.1-SNAPSHOT\spigot-api-1.15.1-R0.1-SNAPSHOT.jar;C:\Users\bses1\.m2\repository\commons-lang\commons-lang\2.6\commons-lang-2.6.jar;C:\Users\bses1\.m2\repository\com\google\guava\guava\21.0\guava-21.0.jar;C:\Users\bses1\.m2\repository\com\google\code\gson\gson\2.8.0\gson-2.8.0.jar;C:\Users\bses1\.m2\repository\net\md-5\bungeecord-chat\1.13-SNAPSHOT\bungeecord-chat-1.13-SNAPSHOT.jar;C:\Users\bses1\.m2\repository\org\yaml\snakeyaml\1.25\snakeyaml-1.25.jar;C:\Users\bses1\.m2\repository\io\papermc\paper\paper-api\1.21.4-R0.1-SNAPSHOT\paper-api-1.21.4-R0.1-SNAPSHOT.jar;C:\Users\bses1\.m2\repository\org\joml\joml\1.10.8\joml-1.10.8.jar;C:\Users\bses1\.m2\repository\com\googlecode\json-simple\json-simple\1.1.1\json-simple-1.1.1.jar;C:\Users\bses1\.m2\repository\it\unimi\dsi\fastutil\8.5.15\fastutil-8.5.15.jar;C:\Users\bses1\.m2\repository\org\apache\logging\log4j\log4j-api\2.17.1\log4j-api-2.17.1.jar;C:\Users\bses1\.m2\repository\org\slf4j\slf4j-api\2.0.9\slf4j-api-2.0.9.jar;C:\Users\bses1\.m2\repository\com\mojang\brigadier\1.3.10\brigadier-1.3.10.jar;C:\Users\bses1\.m2\repository\org\apache\maven\maven-resolver-provider\3.9.6\maven-resolver-provider-3.9.6.jar;C:\Users\bses1\.m2\repository\org\apache\maven\maven-model\3.9.6\maven-model-3.9.6.jar;C:\Users\bses1\.m2\repository\org\apache\maven\maven-model-builder\3.9.6\maven-model-builder-3.9.6.jar;C:\Users\bses1\.m2\repository\org\codehaus\plexus\plexus-interpolation\1.26\plexus-interpolation-1.26.jar;C:\Users\bses1\.m2\repository\org\apache\maven\maven-artifact\3.9.6\maven-artifact-3.9.6.jar;C:\Users\bses1\.m2\repository\org\apache\commons\commons-lang3\3.12.0\commons-lang3-3.12.0.jar;C:\Users\bses1\.m2\repository\org\apache\maven\maven-builder-support\3.9.6\maven-builder-support-3.9.6.jar;C:\Users\bses1\.m2\repository\org\eclipse\sisu\org.eclipse.sisu.inject\0.9.0.M2\org.eclipse.sisu.inject-0.9.0.M2.jar;C:\Users\bses1\.m2\repository\org\apache\maven\maven-repository-metadata\3.9.6\maven-repository-metadata-3.9.6.jar;C:\Users\bses1\.m2\repository\org\apache\maven\resolver\maven-resolver-api\1.9.18\maven-resolver-api-1.9.18.jar;C:\Users\bses1\.m2\repository\org\apache\maven\resolver\maven-resolver-spi\1.9.18\maven-resolver-spi-1.9.18.jar;C:\Users\bses1\.m2\repository\org\apache\maven\resolver\maven-resolver-util\1.9.18\maven-resolver-util-1.9.18.jar;C:\Users\bses1\.m2\repository\org\apache\maven\resolver\maven-resolver-impl\1.9.18\maven-resolver-impl-1.9.18.jar;C:\Users\bses1\.m2\repository\org\apache\maven\resolver\maven-resolver-named-locks\1.9.18\maven-resolver-named-locks-1.9.18.jar;C:\Users\bses1\.m2\repository\org\codehaus\plexus\plexus-utils\3.5.1\plexus-utils-3.5.1.jar;C:\Users\bses1\.m2\repository\javax\inject\javax.inject\1\javax.inject-1.jar;C:\Users\bses1\.m2\repository\org\jspecify\jspecify\1.0.0\jspecify-1.0.0.jar;C:\Users\bses1\.m2\repository\net\kyori\adventure-api\4.18.0\adventure-api-4.18.0.jar;C:\Users\bses1\.m2\repository\net\kyori\adventure-key\4.18.0\adventure-key-4.18.0.jar;C:\Users\bses1\.m2\repository\net\kyori\examination-api\1.3.0\examination-api-1.3.0.jar;C:\Users\bses1\.m2\repository\net\kyori\examination-string\1.3.0\examination-string-1.3.0.jar;C:\Users\bses1\.m2\repository\org\jetbrains\annotations\26.0.1\annotations-26.0.1.jar;C:\Users\bses1\.m2\repository\net\kyori\adventure-text-minimessage\4.18.0\adventure-text-minimessage-4.18.0.jar;C:\Users\bses1\.m2\repository\net\kyori\adventure-text-serializer-gson\4.18.0\adventure-text-serializer-gson-4.18.0.jar;C:\Users\bses1\.m2\repository\net\kyori\adventure-text-serializer-json\4.18.0\adventure-text-serializer-json-4.18.0.jar;C:\Users\bses1\.m2\repository\net\kyori\option\1.0.0\option-1.0.0.jar;C:\Users\bses1\.m2\repository\com\google\auto\service\auto-service-annotations\1.1.1\auto-service-annotations-1.1.1.jar;C:\Users\bses1\.m2\repository\net\kyori\adventure-text-serializer-legacy\4.18.0\adventure-text-serializer-legacy-4.18.0.jar;C:\Users\bses1\.m2\repository\net\kyori\adventure-text-serializer-plain\4.18.0\adventure-text-serializer-plain-4.18.0.jar;C:\Users\bses1\.m2\repository\net\kyori\adventure-text-logger-slf4j\4.18.0\adventure-text-logger-slf4j-4.18.0.jar;C:\Users\bses1\.m2\repository\org\checkerframework\checker-qual\3.33.0\checker-qual-3.33.0.jar;"/>
    <property name="sun.cpu.endian" value="little"/>
    <property name="user.home" value="C:\Users\bses1"/>
    <property name="user.language" value="zh"/>
    <property name="java.specification.vendor" value="Oracle Corporation"/>
    <property name="java.version.date" value="2024-10-15"/>
    <property name="java.home" value="C:\Program Files\Java\jdk-23"/>
    <property name="file.separator" value="\"/>
    <property name="basedir" value="c:\OneDreive\OneDrive - National ChengChi University\JAVA\my_first_plugin"/>
    <property name="java.vm.compressedOopsMode" value="Zero based"/>
    <property name="line.separator" value="&#10;"/>
    <property name="java.vm.specification.vendor" value="Oracle Corporation"/>
    <property name="java.specification.name" value="Java Platform API Specification"/>
    <property name="surefire.real.class.path" value="C:\Users\bses1\AppData\Local\Temp\surefire9726251922404448116\surefirebooter11209908077459951142.jar"/>
    <property name="user.script" value=""/>
    <property name="sun.management.compiler" value="HotSpot 64-Bit Tiered Compilers"/>
    <property name="java.runtime.version" value="23.0.1+11-39"/>
    <property name="user.name" value="bses1"/>
    <property name="stdout.encoding" value="MS950"/>
    <property name="path.separator" value=";"/>
    <property name="os.version" value="10.0"/>
    <property name="java.runtime.name" value="Java(TM) SE Runtime Environment"/>
    <property name="file.encoding" value="UTF-8"/>
    <property name="java.vm.name" value="Java HotSpot(TM) 64-Bit Server VM"/>
    <property name="localRepository" value="C:\Users\bses1\.m2\repository"/>
    <property name="java.vendor.url.bug" value="https://bugreport.java.com/bugreport/"/>
    <property name="java.io.tmpdir" value="C:\Users\bses1\AppData\Local\Temp\"/>
    <property name="java.version" value="23.0.1"/>
    <property name="user.dir" value="c:\OneDreive\OneDrive - National ChengChi University\JAVA\my_first_plugin"/>
    <property name="os.arch" value="amd64"/>
    <property name="java.vm.specification.name" value="Java Virtual Machine Specification"/>
    <property name="sun.os.patch.level" value=""/>
    <property name="native.encoding" value="MS950"/>
    <property name="java.library.path" value="C:\Program Files\Java\jdk-23\bin;C:\WINDOWS\Sun\Java\bin;C:\WINDOWS\system32;C:\WINDOWS;C:\Program Files\Common Files\Oracle\Java\javapath;C:\Program Files (x86)\Common Files\Oracle\Java\java8path;C:\Program Files (x86)\Common Files\Oracle\Java\javapath;C:\WINDOWS\system32;C:\WINDOWS;C:\WINDOWS\System32\Wbem;C:\WINDOWS\System32\WindowsPowerShell\v1.0\;C:\WINDOWS\System32\OpenSSH\;C:\Program Files\TortoiseSVN\bin;C:\Program Files\PuTTY\;C:\Program Files\dotnet\;C:\MinGW\bin;C:\Users\bses1\AppData\Local\Programs\Python\Python313;C:\Users\bses1\AppData\Local\Programs\Python\Python313\Scripts;C:\Maven\apache-maven-3.9.9\bin;C:\Users\bses1\AppData\Local\Programs\Python\Python313\Scripts\;C:\Users\bses1\AppData\Local\Programs\Python\Python313\;C:\Users\bses1\AppData\Local\Microsoft\WindowsApps;C:\Users\bses1\AppData\Local\Programs\Microsoft VS Code\bin;;."/>
    <property name="java.vm.info" value="mixed mode, sharing"/>
    <property name="stderr.encoding" value="MS950"/>
    <property name="java.vendor" value="Oracle Corporation"/>
    <property name="java.vm.version" value="23.0.1+11-39"/>
    <property name="sun.io.unicode.encoding" value="UnicodeLittle"/>
    <property name="java.class.version" value="67.0"/>
  </properties>
  <testcase name="shouldAnswerWithTrue" classname="com.example.PluginTest" time="0.012"/>
</testsuite>